  main.cpp
c:\eae\raytracing\raytracing-nextweek\raytracingoneweekend\vec3.h(57): warning C4244: 'initializing': conversion from 'double' to 'float', possible loss of data
c:\eae\raytracing\raytracing-nextweek\raytracingoneweekend\vec3.h(136): warning C4244: 'initializing': conversion from 'double' to 'float', possible loss of data
c:\eae\raytracing\raytracing-nextweek\raytracingoneweekend\hitable.h(34): warning C4244: '=': conversion from 'double' to 'float', possible loss of data
c:\eae\raytracing\raytracing-nextweek\raytracingoneweekend\hitable.h(35): warning C4244: '=': conversion from 'double' to 'float', possible loss of data
c:\eae\raytracing\raytracing-nextweek\raytracingoneweekend\hitable.h(45): warning C4244: 'argument': conversion from 'double' to 'float', possible loss of data
c:\eae\raytracing\raytracing-nextweek\raytracingoneweekend\hitable.h(59): warning C4244: 'argument': conversion from 'double' to 'float', possible loss of data
c:\eae\raytracing\raytracing-nextweek\raytracingoneweekend\hitable.h(74): warning C4244: 'argument': conversion from 'double' to 'float', possible loss of data
c:\eae\raytracing\raytracing-nextweek\raytracingoneweekend\hitable_list.h(41): warning C4244: 'argument': conversion from 'double' to 'float', possible loss of data
c:\eae\raytracing\raytracing-nextweek\raytracingoneweekend\drand48.h(15): warning C4244: 'initializing': conversion from 'unsigned __int64' to 'unsigned int', possible loss of data
c:\eae\raytracing\raytracing-nextweek\raytracingoneweekend\perlin.h(29): warning C4244: 'initializing': conversion from 'float' to 'int', possible loss of data
c:\eae\raytracing\raytracing-nextweek\raytracingoneweekend\perlin.h(30): warning C4244: 'initializing': conversion from 'float' to 'int', possible loss of data
c:\eae\raytracing\raytracing-nextweek\raytracingoneweekend\perlin.h(31): warning C4244: 'initializing': conversion from 'float' to 'int', possible loss of data
c:\eae\raytracing\raytracing-nextweek\raytracingoneweekend\perlin.h(59): warning C4244: 'argument': conversion from 'double' to 'float', possible loss of data
c:\eae\raytracing\raytracing-nextweek\raytracingoneweekend\material.h(27): warning C4244: 'initializing': conversion from 'double' to 'float', possible loss of data
c:\eae\raytracing\raytracing-nextweek\raytracingoneweekend\material.h(77): warning C4244: '=': conversion from 'double' to 'float', possible loss of data
c:\eae\raytracing\raytracing-nextweek\raytracingoneweekend\material.h(102): warning C4244: 'argument': conversion from 'double' to 'float', possible loss of data
c:\eae\raytracing\raytracing-nextweek\raytracingoneweekend\camera.h(15): warning C4244: 'argument': conversion from 'double' to 'float', possible loss of data
c:\eae\raytracing\raytracing-nextweek\raytracingoneweekend\camera.h(27): warning C4244: 'initializing': conversion from 'double' to 'float', possible loss of data
c:\eae\raytracing\raytracing-nextweek\raytracingoneweekend\camera.h(46): warning C4244: 'initializing': conversion from 'double' to 'float', possible loss of data
c:\eae\raytracing\raytracing-nextweek\raytracingoneweekend\image_texture.h(17): warning C4244: 'initializing': conversion from 'float' to 'int', possible loss of data
c:\eae\raytracing\raytracing-nextweek\raytracingoneweekend\image_texture.h(18): warning C4244: 'initializing': conversion from 'double' to 'int', possible loss of data
c:\eae\raytracing\raytracing-nextweek\raytracingoneweekend\image_texture.h(27): warning C4244: 'initializing': conversion from 'double' to 'float', possible loss of data
c:\eae\raytracing\raytracing-nextweek\raytracingoneweekend\image_texture.h(28): warning C4244: 'initializing': conversion from 'double' to 'float', possible loss of data
c:\eae\raytracing\raytracing-nextweek\raytracingoneweekend\image_texture.h(29): warning C4244: 'initializing': conversion from 'double' to 'float', possible loss of data
c:\eae\raytracing\raytracing-nextweek\raytracingoneweekend\rotate_y.h(21): warning C4244: 'initializing': conversion from 'double' to 'float', possible loss of data
c:\eae\raytracing\raytracing-nextweek\raytracingoneweekend\constant_medium.h(30): warning C4244: 'argument': conversion from 'double' to 'float', possible loss of data
c:\eae\raytracing\raytracing-nextweek\raytracingoneweekend\constant_medium.h(45): warning C4244: 'initializing': conversion from 'double' to 'float', possible loss of data
c:\eae\raytracing\raytracing-nextweek\raytracingoneweekend\main.cpp(26): warning C4305: 'argument': truncation from 'double' to 'float'
c:\eae\raytracing\raytracing-nextweek\raytracingoneweekend\main.cpp(27): warning C4305: 'argument': truncation from 'double' to 'float'
c:\eae\raytracing\raytracing-nextweek\raytracingoneweekend\main.cpp(28): warning C4305: 'argument': truncation from 'double' to 'float'
c:\eae\raytracing\raytracing-nextweek\raytracingoneweekend\main.cpp(38): warning C4305: 'argument': truncation from 'double' to 'float'
c:\eae\raytracing\raytracing-nextweek\raytracingoneweekend\main.cpp(39): warning C4305: 'argument': truncation from 'double' to 'float'
c:\eae\raytracing\raytracing-nextweek\raytracingoneweekend\main.cpp(47): warning C4305: 'argument': truncation from 'double' to 'float'
c:\eae\raytracing\raytracing-nextweek\raytracingoneweekend\main.cpp(48): warning C4305: 'argument': truncation from 'double' to 'float'
c:\eae\raytracing\raytracing-nextweek\raytracingoneweekend\main.cpp(49): warning C4305: 'argument': truncation from 'double' to 'float'
c:\eae\raytracing\raytracing-nextweek\raytracingoneweekend\main.cpp(91): warning C4305: 'argument': truncation from 'double' to 'float'
c:\eae\raytracing\raytracing-nextweek\raytracingoneweekend\main.cpp(101): warning C4305: 'argument': truncation from 'double' to 'float'
c:\eae\raytracing\raytracing-nextweek\raytracingoneweekend\main.cpp(106): warning C4244: 'initializing': conversion from 'double' to 'float', possible loss of data
c:\eae\raytracing\raytracing-nextweek\raytracingoneweekend\main.cpp(107): warning C4244: 'argument': conversion from 'double' to 'float', possible loss of data
c:\eae\raytracing\raytracing-nextweek\raytracingoneweekend\main.cpp(107): warning C4305: 'argument': truncation from 'double' to 'float'
c:\eae\raytracing\raytracing-nextweek\raytracingoneweekend\main.cpp(108): warning C4305: 'argument': truncation from 'double' to 'float'
c:\eae\raytracing\raytracing-nextweek\raytracingoneweekend\main.cpp(110): warning C4244: 'argument': conversion from 'double' to 'float', possible loss of data
c:\eae\raytracing\raytracing-nextweek\raytracingoneweekend\main.cpp(110): warning C4305: 'argument': truncation from 'double' to 'float'
c:\eae\raytracing\raytracing-nextweek\raytracingoneweekend\main.cpp(113): warning C4244: 'argument': conversion from 'double' to 'float', possible loss of data
c:\eae\raytracing\raytracing-nextweek\raytracingoneweekend\main.cpp(113): warning C4305: 'argument': truncation from 'double' to 'float'
c:\eae\raytracing\raytracing-nextweek\raytracingoneweekend\main.cpp(116): warning C4305: 'argument': truncation from 'double' to 'float'
c:\eae\raytracing\raytracing-nextweek\raytracingoneweekend\main.cpp(122): warning C4305: 'argument': truncation from 'double' to 'float'
c:\eae\raytracing\raytracing-nextweek\raytracingoneweekend\main.cpp(123): warning C4305: 'argument': truncation from 'double' to 'float'
c:\eae\raytracing\raytracing-nextweek\raytracingoneweekend\main.cpp(130): warning C4305: 'argument': truncation from 'double' to 'float'
c:\eae\raytracing\raytracing-nextweek\raytracingoneweekend\main.cpp(160): warning C4101: 'list': unreferenced local variable
  rayTracingOneWeekend.vcxproj -> C:\EAE\Raytracing\raytracing-nextWeek\x64\Debug\rayTracingOneWeekend.exe
